This file contains any messages produced by compilers while
running configure, to aid debugging if configure makes a mistake.

It was created by configure, which was
generated by GNU Autoconf 2.67.  Invocation command line was

  $ ./configure 

## --------- ##
## Platform. ##
## --------- ##

hostname = 32bserver
uname -m = i686
uname -r = 2.6.35-22-generic-pae
uname -s = Linux
uname -v = #35-Ubuntu SMP Sat Oct 16 22:16:51 UTC 2010

/usr/bin/uname -p = unknown
/bin/uname -X     = unknown

/bin/arch              = unknown
/usr/bin/arch -k       = unknown
/usr/convex/getsysinfo = unknown
/usr/bin/hostinfo      = unknown
/bin/machine           = unknown
/usr/bin/oslevel       = unknown
/bin/universe          = unknown

PATH: /usr/local/sbin
PATH: /usr/local/bin
PATH: /usr/sbin
PATH: /usr/bin
PATH: /sbin
PATH: /bin
PATH: /usr/games


## ----------- ##
## Core tests. ##
## ----------- ##

configure:2531: checking for a BSD-compatible install
configure:2599: result: /usr/bin/install -c
configure:2610: checking whether build environment is sane
configure:2660: result: yes
configure:2801: checking for a thread-safe mkdir -p
configure:2840: result: /bin/mkdir -p
configure:2853: checking for gawk
configure:2883: result: no
configure:2853: checking for mawk
configure:2869: found /usr/bin/mawk
configure:2880: result: mawk
configure:2891: checking whether make sets $(MAKE)
configure:2913: result: yes
configure:3071: checking for g++
configure:3087: found /usr/bin/g++
configure:3098: result: g++
configure:3125: checking for C++ compiler version
configure:3134: g++ --version >&5
g++ (Ubuntu/Linaro 4.4.4-14ubuntu5) 4.4.5
Copyright (C) 2010 Free Software Foundation, Inc.
This is free software; see the source for copying conditions.  There is NO
warranty; not even for MERCHANTABILITY or FITNESS FOR A PARTICULAR PURPOSE.

configure:3145: $? = 0
configure:3134: g++ -v >&5
Using built-in specs.
Target: i686-linux-gnu
Configured with: ../src/configure -v --with-pkgversion='Ubuntu/Linaro 4.4.4-14ubuntu5' --with-bugurl=file:///usr/share/doc/gcc-4.4/README.Bugs --enable-languages=c,c++,fortran,objc,obj-c++ --prefix=/usr --program-suffix=-4.4 --enable-shared --enable-multiarch --enable-linker-build-id --with-system-zlib --libexecdir=/usr/lib --without-included-gettext --enable-threads=posix --with-gxx-include-dir=/usr/include/c++/4.4 --libdir=/usr/lib --enable-nls --with-sysroot=/ --enable-clocale=gnu --enable-libstdcxx-debug --enable-objc-gc --enable-targets=all --disable-werror --with-arch-32=i686 --with-tune=generic --enable-checking=release --build=i686-linux-gnu --host=i686-linux-gnu --target=i686-linux-gnu
Thread model: posix
gcc version 4.4.5 (Ubuntu/Linaro 4.4.4-14ubuntu5) 
configure:3145: $? = 0
configure:3134: g++ -V >&5
g++: '-V' option must have argument
configure:3145: $? = 1
configure:3134: g++ -qversion >&5
g++: unrecognized option '-qversion'
g++: no input files
configure:3145: $? = 1
configure:3165: checking whether the C++ compiler works
configure:3187: g++    conftest.cpp  >&5
configure:3191: $? = 0
configure:3239: result: yes
configure:3242: checking for C++ compiler default output file name
configure:3244: result: a.out
configure:3250: checking for suffix of executables
configure:3257: g++ -o conftest    conftest.cpp  >&5
configure:3261: $? = 0
configure:3283: result: 
configure:3305: checking whether we are cross compiling
configure:3313: g++ -o conftest    conftest.cpp  >&5
configure:3317: $? = 0
configure:3324: ./conftest
configure:3328: $? = 0
configure:3343: result: no
configure:3348: checking for suffix of object files
configure:3370: g++ -c   conftest.cpp >&5
configure:3374: $? = 0
configure:3395: result: o
configure:3399: checking whether we are using the GNU C++ compiler
configure:3418: g++ -c   conftest.cpp >&5
configure:3418: $? = 0
configure:3427: result: yes
configure:3436: checking whether g++ accepts -g
configure:3456: g++ -c -g  conftest.cpp >&5
configure:3456: $? = 0
configure:3497: result: yes
configure:3531: checking for style of include used by make
configure:3559: result: GNU
configure:3584: checking dependency style of g++
configure:3694: result: gcc3
configure:3757: checking for gcc
configure:3773: found /usr/bin/gcc
configure:3784: result: gcc
configure:4013: checking for C compiler version
configure:4022: gcc --version >&5
gcc (Ubuntu/Linaro 4.4.4-14ubuntu5) 4.4.5
Copyright (C) 2010 Free Software Foundation, Inc.
This is free software; see the source for copying conditions.  There is NO
warranty; not even for MERCHANTABILITY or FITNESS FOR A PARTICULAR PURPOSE.

configure:4033: $? = 0
configure:4022: gcc -v >&5
Using built-in specs.
Target: i686-linux-gnu
Configured with: ../src/configure -v --with-pkgversion='Ubuntu/Linaro 4.4.4-14ubuntu5' --with-bugurl=file:///usr/share/doc/gcc-4.4/README.Bugs --enable-languages=c,c++,fortran,objc,obj-c++ --prefix=/usr --program-suffix=-4.4 --enable-shared --enable-multiarch --enable-linker-build-id --with-system-zlib --libexecdir=/usr/lib --without-included-gettext --enable-threads=posix --with-gxx-include-dir=/usr/include/c++/4.4 --libdir=/usr/lib --enable-nls --with-sysroot=/ --enable-clocale=gnu --enable-libstdcxx-debug --enable-objc-gc --enable-targets=all --disable-werror --with-arch-32=i686 --with-tune=generic --enable-checking=release --build=i686-linux-gnu --host=i686-linux-gnu --target=i686-linux-gnu
Thread model: posix
gcc version 4.4.5 (Ubuntu/Linaro 4.4.4-14ubuntu5) 
configure:4033: $? = 0
configure:4022: gcc -V >&5
gcc: '-V' option must have argument
configure:4033: $? = 1
configure:4022: gcc -qversion >&5
gcc: unrecognized option '-qversion'
gcc: no input files
configure:4033: $? = 1
configure:4037: checking whether we are using the GNU C compiler
configure:4056: gcc -c   conftest.c >&5
configure:4056: $? = 0
configure:4065: result: yes
configure:4074: checking whether gcc accepts -g
configure:4094: gcc -c -g  conftest.c >&5
configure:4094: $? = 0
configure:4135: result: yes
configure:4152: checking for gcc option to accept ISO C89
configure:4216: gcc  -c -g -O2  conftest.c >&5
configure:4216: $? = 0
configure:4229: result: none needed
configure:4251: checking dependency style of gcc
configure:4361: result: gcc3
configure:4377: checking whether make sets $(MAKE)
configure:4399: result: yes
configure:4437: checking build system type
configure:4451: result: i686-pc-linux-gnu
configure:4471: checking host system type
configure:4484: result: i686-pc-linux-gnu
configure:4504: checking for a sed that does not truncate output
configure:4568: result: /bin/sed
configure:4586: checking for grep that handles long lines and -e
configure:4644: result: /bin/grep
configure:4649: checking for egrep
configure:4711: result: /bin/grep -E
configure:4716: checking for fgrep
configure:4778: result: /bin/grep -F
configure:4813: checking for ld used by gcc
configure:4880: result: /usr/bin/ld
configure:4887: checking if the linker (/usr/bin/ld) is GNU ld
configure:4902: result: yes
configure:4914: checking for BSD- or MS-compatible name lister (nm)
configure:4963: result: /usr/bin/nm -B
configure:5081: checking the name lister (/usr/bin/nm -B) interface
configure:5088: gcc -c -g -O2  conftest.c >&5
configure:5091: /usr/bin/nm -B "conftest.o"
configure:5094: output
00000000 B some_variable
configure:5101: result: BSD nm
configure:5104: checking whether ln -s works
configure:5108: result: yes
configure:5116: checking the maximum length of command line arguments
configure:5236: result: 1572864
configure:5253: checking whether the shell understands some XSI constructs
configure:5263: result: yes
configure:5267: checking whether the shell understands "+="
configure:5273: result: yes
configure:5308: checking for /usr/bin/ld option to reload object files
configure:5315: result: -r
configure:5384: checking for objdump
configure:5400: found /usr/bin/objdump
configure:5411: result: objdump
configure:5443: checking how to recognize dependent libraries
configure:5639: result: pass_all
configure:5699: checking for ar
configure:5715: found /usr/bin/ar
configure:5726: result: ar
configure:5804: checking for strip
configure:5820: found /usr/bin/strip
configure:5831: result: strip
configure:5903: checking for ranlib
configure:5919: found /usr/bin/ranlib
configure:5930: result: ranlib
configure:6020: checking command to parse /usr/bin/nm -B output from gcc object
configure:6138: gcc -c -g -O2  conftest.c >&5
configure:6141: $? = 0
configure:6145: /usr/bin/nm -B conftest.o \| sed -n -e 's/^.*[	 ]\([ABCDGIRSTW][ABCDGIRSTW]*\)[	 ][	 ]*\([_A-Za-z][_A-Za-z0-9]*\)$/\1 \2 \2/p' \> conftest.nm
configure:6148: $? = 0
configure:6202: gcc -o conftest -g -O2   conftest.c conftstm.o >&5
configure:6205: $? = 0
configure:6243: result: ok
configure:7052: checking how to run the C preprocessor
configure:7083: gcc -E  conftest.c
configure:7083: $? = 0
configure:7097: gcc -E  conftest.c
conftest.c:12: fatal error: ac_nonexistent.h: No such file or directory
compilation terminated.
configure:7097: $? = 1
configure: failed program was:
| /* confdefs.h */
| #define PACKAGE_NAME ""
| #define PACKAGE_TARNAME ""
| #define PACKAGE_VERSION ""
| #define PACKAGE_STRING ""
| #define PACKAGE_BUGREPORT ""
| #define PACKAGE_URL ""
| #define PACKAGE "backend"
| #define VERSION "3.30-1"
| #define PROG_PATH "/usr/local/bin"
| /* end confdefs.h.  */
| #include <ac_nonexistent.h>
configure:7122: result: gcc -E
configure:7142: gcc -E  conftest.c
configure:7142: $? = 0
configure:7156: gcc -E  conftest.c
conftest.c:12: fatal error: ac_nonexistent.h: No such file or directory
compilation terminated.
configure:7156: $? = 1
configure: failed program was:
| /* confdefs.h */
| #define PACKAGE_NAME ""
| #define PACKAGE_TARNAME ""
| #define PACKAGE_VERSION ""
| #define PACKAGE_STRING ""
| #define PACKAGE_BUGREPORT ""
| #define PACKAGE_URL ""
| #define PACKAGE "backend"
| #define VERSION "3.30-1"
| #define PROG_PATH "/usr/local/bin"
| /* end confdefs.h.  */
| #include <ac_nonexistent.h>
configure:7185: checking for ANSI C header files
configure:7205: gcc -c -g -O2  conftest.c >&5
configure:7205: $? = 0
configure:7278: gcc -o conftest -g -O2   conftest.c  >&5
configure:7278: $? = 0
configure:7278: ./conftest
configure:7278: $? = 0
configure:7289: result: yes
configure:7302: checking for sys/types.h
configure:7302: gcc -c -g -O2  conftest.c >&5
configure:7302: $? = 0
configure:7302: result: yes
configure:7302: checking for sys/stat.h
configure:7302: gcc -c -g -O2  conftest.c >&5
configure:7302: $? = 0
configure:7302: result: yes
configure:7302: checking for stdlib.h
configure:7302: gcc -c -g -O2  conftest.c >&5
configure:7302: $? = 0
configure:7302: result: yes
configure:7302: checking for string.h
configure:7302: gcc -c -g -O2  conftest.c >&5
configure:7302: $? = 0
configure:7302: result: yes
configure:7302: checking for memory.h
configure:7302: gcc -c -g -O2  conftest.c >&5
configure:7302: $? = 0
configure:7302: result: yes
configure:7302: checking for strings.h
configure:7302: gcc -c -g -O2  conftest.c >&5
configure:7302: $? = 0
configure:7302: result: yes
configure:7302: checking for inttypes.h
configure:7302: gcc -c -g -O2  conftest.c >&5
configure:7302: $? = 0
configure:7302: result: yes
configure:7302: checking for stdint.h
configure:7302: gcc -c -g -O2  conftest.c >&5
configure:7302: $? = 0
configure:7302: result: yes
configure:7302: checking for unistd.h
configure:7302: gcc -c -g -O2  conftest.c >&5
configure:7302: $? = 0
configure:7302: result: yes
configure:7316: checking for dlfcn.h
configure:7316: gcc -c -g -O2  conftest.c >&5
configure:7316: $? = 0
configure:7316: result: yes
configure:7441: checking for C++ compiler version
configure:7450: g++ --version >&5
g++ (Ubuntu/Linaro 4.4.4-14ubuntu5) 4.4.5
Copyright (C) 2010 Free Software Foundation, Inc.
This is free software; see the source for copying conditions.  There is NO
warranty; not even for MERCHANTABILITY or FITNESS FOR A PARTICULAR PURPOSE.

configure:7461: $? = 0
configure:7450: g++ -v >&5
Using built-in specs.
Target: i686-linux-gnu
Configured with: ../src/configure -v --with-pkgversion='Ubuntu/Linaro 4.4.4-14ubuntu5' --with-bugurl=file:///usr/share/doc/gcc-4.4/README.Bugs --enable-languages=c,c++,fortran,objc,obj-c++ --prefix=/usr --program-suffix=-4.4 --enable-shared --enable-multiarch --enable-linker-build-id --with-system-zlib --libexecdir=/usr/lib --without-included-gettext --enable-threads=posix --with-gxx-include-dir=/usr/include/c++/4.4 --libdir=/usr/lib --enable-nls --with-sysroot=/ --enable-clocale=gnu --enable-libstdcxx-debug --enable-objc-gc --enable-targets=all --disable-werror --with-arch-32=i686 --with-tune=generic --enable-checking=release --build=i686-linux-gnu --host=i686-linux-gnu --target=i686-linux-gnu
Thread model: posix
gcc version 4.4.5 (Ubuntu/Linaro 4.4.4-14ubuntu5) 
configure:7461: $? = 0
configure:7450: g++ -V >&5
g++: '-V' option must have argument
configure:7461: $? = 1
configure:7450: g++ -qversion >&5
g++: unrecognized option '-qversion'
g++: no input files
configure:7461: $? = 1
configure:7465: checking whether we are using the GNU C++ compiler
configure:7493: result: yes
configure:7502: checking whether g++ accepts -g
configure:7563: result: yes
configure:7588: checking dependency style of g++
configure:7698: result: gcc3
configure:7721: checking how to run the C++ preprocessor
configure:7748: g++ -E  conftest.cpp
configure:7748: $? = 0
configure:7762: g++ -E  conftest.cpp
conftest.cpp:23: fatal error: ac_nonexistent.h: No such file or directory
compilation terminated.
configure:7762: $? = 1
configure: failed program was:
| /* confdefs.h */
| #define PACKAGE_NAME ""
| #define PACKAGE_TARNAME ""
| #define PACKAGE_VERSION ""
| #define PACKAGE_STRING ""
| #define PACKAGE_BUGREPORT ""
| #define PACKAGE_URL ""
| #define PACKAGE "backend"
| #define VERSION "3.30-1"
| #define PROG_PATH "/usr/local/bin"
| #define STDC_HEADERS 1
| #define HAVE_SYS_TYPES_H 1
| #define HAVE_SYS_STAT_H 1
| #define HAVE_STDLIB_H 1
| #define HAVE_STRING_H 1
| #define HAVE_MEMORY_H 1
| #define HAVE_STRINGS_H 1
| #define HAVE_INTTYPES_H 1
| #define HAVE_STDINT_H 1
| #define HAVE_UNISTD_H 1
| #define HAVE_DLFCN_H 1
| /* end confdefs.h.  */
| #include <ac_nonexistent.h>
configure:7787: result: g++ -E
configure:7807: g++ -E  conftest.cpp
configure:7807: $? = 0
configure:7821: g++ -E  conftest.cpp
conftest.cpp:23: fatal error: ac_nonexistent.h: No such file or directory
compilation terminated.
configure:7821: $? = 1
configure: failed program was:
| /* confdefs.h */
| #define PACKAGE_NAME ""
| #define PACKAGE_TARNAME ""
| #define PACKAGE_VERSION ""
| #define PACKAGE_STRING ""
| #define PACKAGE_BUGREPORT ""
| #define PACKAGE_URL ""
| #define PACKAGE "backend"
| #define VERSION "3.30-1"
| #define PROG_PATH "/usr/local/bin"
| #define STDC_HEADERS 1
| #define HAVE_SYS_TYPES_H 1
| #define HAVE_SYS_STAT_H 1
| #define HAVE_STDLIB_H 1
| #define HAVE_STRING_H 1
| #define HAVE_MEMORY_H 1
| #define HAVE_STRINGS_H 1
| #define HAVE_INTTYPES_H 1
| #define HAVE_STDINT_H 1
| #define HAVE_UNISTD_H 1
| #define HAVE_DLFCN_H 1
| /* end confdefs.h.  */
| #include <ac_nonexistent.h>
configure:8027: checking for objdir
configure:8042: result: .libs
configure:8334: checking if gcc supports -fno-rtti -fno-exceptions
configure:8352: gcc -c -g -O2  -fno-rtti -fno-exceptions conftest.c >&5
cc1: warning: command line option "-fno-rtti" is valid for C++/ObjC++ but not for C
configure:8356: $? = 0
configure:8369: result: no
configure:8389: checking for gcc option to produce PIC
configure:8661: result: -fPIC -DPIC
configure:8673: checking if gcc PIC flag -fPIC -DPIC works
configure:8691: gcc -c -g -O2  -fPIC -DPIC -DPIC conftest.c >&5
configure:8695: $? = 0
configure:8708: result: yes
configure:8732: checking if gcc static flag -static works
configure:8760: result: yes
configure:8775: checking if gcc supports -c -o file.o
configure:8796: gcc -c -g -O2  -o out/conftest2.o conftest.c >&5
configure:8800: $? = 0
configure:8822: result: yes
configure:8830: checking if gcc supports -c -o file.o
configure:8877: result: yes
configure:8910: checking whether the gcc linker (/usr/bin/ld) supports shared libraries
configure:9901: result: yes
configure:9938: checking whether -lc should be explicitly linked in
configure:9943: gcc -c -g -O2  conftest.c >&5
configure:9946: $? = 0
configure:9961: gcc -shared conftest.o  -v -Wl,-soname -Wl,conftest -o conftest 2\>\&1 \| /bin/grep  -lc  \>/dev/null 2\>\&1
configure:9964: $? = 0
configure:9976: result: no
configure:10140: checking dynamic linker characteristics
configure:10573: gcc -o conftest -g -O2   -Wl,-rpath -Wl,/foo conftest.c  >&5
configure:10573: $? = 0
configure:10803: result: GNU/Linux ld.so
configure:10905: checking how to hardcode library paths into programs
configure:10930: result: immediate
configure:11450: checking whether stripping libraries is possible
configure:11455: result: yes
configure:11490: checking if libtool supports shared libraries
configure:11492: result: yes
configure:11495: checking whether to build shared libraries
configure:11516: result: yes
configure:11519: checking whether to build static libraries
configure:11523: result: yes
configure:11673: checking for ld used by g++
configure:11740: result: /usr/bin/ld
configure:11747: checking if the linker (/usr/bin/ld) is GNU ld
configure:11762: result: yes
configure:11817: checking whether the g++ linker (/usr/bin/ld) supports shared libraries
configure:12730: result: yes
configure:12758: g++ -c -g -O2  conftest.cpp >&5
configure:12761: $? = 0
configure:12943: checking for g++ option to produce PIC
configure:13260: result: -fPIC -DPIC
configure:13269: checking if g++ PIC flag -fPIC -DPIC works
configure:13287: g++ -c -g -O2  -fPIC -DPIC -DPIC conftest.cpp >&5
configure:13291: $? = 0
configure:13304: result: yes
configure:13325: checking if g++ static flag -static works
configure:13353: result: yes
configure:13365: checking if g++ supports -c -o file.o
configure:13386: g++ -c -g -O2  -o out/conftest2.o conftest.cpp >&5
configure:13390: $? = 0
configure:13412: result: yes
configure:13417: checking if g++ supports -c -o file.o
configure:13464: result: yes
configure:13494: checking whether the g++ linker (/usr/bin/ld) supports shared libraries
configure:13523: result: yes
configure:13660: checking dynamic linker characteristics
configure:14041: g++ -o conftest -g -O2   -Wl,-rpath -Wl,/foo conftest.cpp  >&5
configure:14041: $? = 0
configure:14271: result: GNU/Linux ld.so
configure:14322: checking how to hardcode library paths into programs
configure:14347: result: immediate
configure:14408: checking for main in -lcups
configure:14427: gcc -o conftest -g -O2   conftest.c -lcups   >&5
configure:14427: $? = 0
configure:14436: result: yes
configure:14449: checking for ANSI C header files
configure:14553: result: yes
configure:14561: checking for sys/wait.h that is POSIX.1 compatible
configure:14587: gcc -c -g -O2  conftest.c >&5
configure:14587: $? = 0
configure:14594: result: yes
configure:14605: checking arpa/inet.h usability
configure:14605: gcc -c -g -O2  conftest.c >&5
configure:14605: $? = 0
configure:14605: result: yes
configure:14605: checking arpa/inet.h presence
configure:14605: gcc -E  conftest.c
configure:14605: $? = 0
configure:14605: result: yes
configure:14605: checking for arpa/inet.h
configure:14605: result: yes
configure:14605: checking fcntl.h usability
configure:14605: gcc -c -g -O2  conftest.c >&5
configure:14605: $? = 0
configure:14605: result: yes
configure:14605: checking fcntl.h presence
configure:14605: gcc -E  conftest.c
configure:14605: $? = 0
configure:14605: result: yes
configure:14605: checking for fcntl.h
configure:14605: result: yes
configure:14605: checking netdb.h usability
configure:14605: gcc -c -g -O2  conftest.c >&5
configure:14605: $? = 0
configure:14605: result: yes
configure:14605: checking netdb.h presence
configure:14605: gcc -E  conftest.c
configure:14605: $? = 0
configure:14605: result: yes
configure:14605: checking for netdb.h
configure:14605: result: yes
configure:14605: checking netinet/in.h usability
configure:14605: gcc -c -g -O2  conftest.c >&5
configure:14605: $? = 0
configure:14605: result: yes
configure:14605: checking netinet/in.h presence
configure:14605: gcc -E  conftest.c
configure:14605: $? = 0
configure:14605: result: yes
configure:14605: checking for netinet/in.h
configure:14605: result: yes
configure:14605: checking for stdlib.h
configure:14605: result: yes
configure:14605: checking for string.h
configure:14605: result: yes
configure:14605: checking sys/socket.h usability
configure:14605: gcc -c -g -O2  conftest.c >&5
configure:14605: $? = 0
configure:14605: result: yes
configure:14605: checking sys/socket.h presence
configure:14605: gcc -E  conftest.c
configure:14605: $? = 0
configure:14605: result: yes
configure:14605: checking for sys/socket.h
configure:14605: result: yes
configure:14605: checking for unistd.h
configure:14605: result: yes
configure:14617: checking for an ANSI C-conforming const
configure:14682: gcc -c -g -O2  conftest.c >&5
configure:14682: $? = 0
configure:14689: result: yes
configure:14697: checking for size_t
configure:14697: gcc -c -g -O2  conftest.c >&5
configure:14697: $? = 0
configure:14697: gcc -c -g -O2  conftest.c >&5
conftest.c: In function 'main':
conftest.c:71: error: expected expression before ')' token
configure:14697: $? = 1
configure: failed program was:
| /* confdefs.h */
| #define PACKAGE_NAME ""
| #define PACKAGE_TARNAME ""
| #define PACKAGE_VERSION ""
| #define PACKAGE_STRING ""
| #define PACKAGE_BUGREPORT ""
| #define PACKAGE_URL ""
| #define PACKAGE "backend"
| #define VERSION "3.30-1"
| #define PROG_PATH "/usr/local/bin"
| #define STDC_HEADERS 1
| #define HAVE_SYS_TYPES_H 1
| #define HAVE_SYS_STAT_H 1
| #define HAVE_STDLIB_H 1
| #define HAVE_STRING_H 1
| #define HAVE_MEMORY_H 1
| #define HAVE_STRINGS_H 1
| #define HAVE_INTTYPES_H 1
| #define HAVE_STDINT_H 1
| #define HAVE_UNISTD_H 1
| #define HAVE_DLFCN_H 1
| #define LT_OBJDIR ".libs/"
| #define HAVE_LIBCUPS 1
| #define STDC_HEADERS 1
| #define HAVE_SYS_WAIT_H 1
| #define HAVE_ARPA_INET_H 1
| #define HAVE_FCNTL_H 1
| #define HAVE_NETDB_H 1
| #define HAVE_NETINET_IN_H 1
| #define HAVE_STDLIB_H 1
| #define HAVE_STRING_H 1
| #define HAVE_SYS_SOCKET_H 1
| #define HAVE_UNISTD_H 1
| /* end confdefs.h.  */
| #include <stdio.h>
| #ifdef HAVE_SYS_TYPES_H
| # include <sys/types.h>
| #endif
| #ifdef HAVE_SYS_STAT_H
| # include <sys/stat.h>
| #endif
| #ifdef STDC_HEADERS
| # include <stdlib.h>
| # include <stddef.h>
| #else
| # ifdef HAVE_STDLIB_H
| #  include <stdlib.h>
| # endif
| #endif
| #ifdef HAVE_STRING_H
| # if !defined STDC_HEADERS && defined HAVE_MEMORY_H
| #  include <memory.h>
| # endif
| # include <string.h>
| #endif
| #ifdef HAVE_STRINGS_H
| # include <strings.h>
| #endif
| #ifdef HAVE_INTTYPES_H
| # include <inttypes.h>
| #endif
| #ifdef HAVE_STDINT_H
| # include <stdint.h>
| #endif
| #ifdef HAVE_UNISTD_H
| # include <unistd.h>
| #endif
| int
| main ()
| {
| if (sizeof ((size_t)))
| 	    return 0;
|   ;
|   return 0;
| }
configure:14697: result: yes
configure:14710: checking for pid_t
configure:14710: gcc -c -g -O2  conftest.c >&5
configure:14710: $? = 0
configure:14710: gcc -c -g -O2  conftest.c >&5
conftest.c: In function 'main':
conftest.c:71: error: expected expression before ')' token
configure:14710: $? = 1
configure: failed program was:
| /* confdefs.h */
| #define PACKAGE_NAME ""
| #define PACKAGE_TARNAME ""
| #define PACKAGE_VERSION ""
| #define PACKAGE_STRING ""
| #define PACKAGE_BUGREPORT ""
| #define PACKAGE_URL ""
| #define PACKAGE "backend"
| #define VERSION "3.30-1"
| #define PROG_PATH "/usr/local/bin"
| #define STDC_HEADERS 1
| #define HAVE_SYS_TYPES_H 1
| #define HAVE_SYS_STAT_H 1
| #define HAVE_STDLIB_H 1
| #define HAVE_STRING_H 1
| #define HAVE_MEMORY_H 1
| #define HAVE_STRINGS_H 1
| #define HAVE_INTTYPES_H 1
| #define HAVE_STDINT_H 1
| #define HAVE_UNISTD_H 1
| #define HAVE_DLFCN_H 1
| #define LT_OBJDIR ".libs/"
| #define HAVE_LIBCUPS 1
| #define STDC_HEADERS 1
| #define HAVE_SYS_WAIT_H 1
| #define HAVE_ARPA_INET_H 1
| #define HAVE_FCNTL_H 1
| #define HAVE_NETDB_H 1
| #define HAVE_NETINET_IN_H 1
| #define HAVE_STDLIB_H 1
| #define HAVE_STRING_H 1
| #define HAVE_SYS_SOCKET_H 1
| #define HAVE_UNISTD_H 1
| /* end confdefs.h.  */
| #include <stdio.h>
| #ifdef HAVE_SYS_TYPES_H
| # include <sys/types.h>
| #endif
| #ifdef HAVE_SYS_STAT_H
| # include <sys/stat.h>
| #endif
| #ifdef STDC_HEADERS
| # include <stdlib.h>
| # include <stddef.h>
| #else
| # ifdef HAVE_STDLIB_H
| #  include <stdlib.h>
| # endif
| #endif
| #ifdef HAVE_STRING_H
| # if !defined STDC_HEADERS && defined HAVE_MEMORY_H
| #  include <memory.h>
| # endif
| # include <string.h>
| #endif
| #ifdef HAVE_STRINGS_H
| # include <strings.h>
| #endif
| #ifdef HAVE_INTTYPES_H
| # include <inttypes.h>
| #endif
| #ifdef HAVE_STDINT_H
| # include <stdint.h>
| #endif
| #ifdef HAVE_UNISTD_H
| # include <unistd.h>
| #endif
| int
| main ()
| {
| if (sizeof ((pid_t)))
| 	    return 0;
|   ;
|   return 0;
| }
configure:14710: result: yes
configure:14723: checking vfork.h usability
configure:14723: gcc -c -g -O2  conftest.c >&5
conftest.c:68: fatal error: vfork.h: No such file or directory
compilation terminated.
configure:14723: $? = 1
configure: failed program was:
| /* confdefs.h */
| #define PACKAGE_NAME ""
| #define PACKAGE_TARNAME ""
| #define PACKAGE_VERSION ""
| #define PACKAGE_STRING ""
| #define PACKAGE_BUGREPORT ""
| #define PACKAGE_URL ""
| #define PACKAGE "backend"
| #define VERSION "3.30-1"
| #define PROG_PATH "/usr/local/bin"
| #define STDC_HEADERS 1
| #define HAVE_SYS_TYPES_H 1
| #define HAVE_SYS_STAT_H 1
| #define HAVE_STDLIB_H 1
| #define HAVE_STRING_H 1
| #define HAVE_MEMORY_H 1
| #define HAVE_STRINGS_H 1
| #define HAVE_INTTYPES_H 1
| #define HAVE_STDINT_H 1
| #define HAVE_UNISTD_H 1
| #define HAVE_DLFCN_H 1
| #define LT_OBJDIR ".libs/"
| #define HAVE_LIBCUPS 1
| #define STDC_HEADERS 1
| #define HAVE_SYS_WAIT_H 1
| #define HAVE_ARPA_INET_H 1
| #define HAVE_FCNTL_H 1
| #define HAVE_NETDB_H 1
| #define HAVE_NETINET_IN_H 1
| #define HAVE_STDLIB_H 1
| #define HAVE_STRING_H 1
| #define HAVE_SYS_SOCKET_H 1
| #define HAVE_UNISTD_H 1
| /* end confdefs.h.  */
| #include <stdio.h>
| #ifdef HAVE_SYS_TYPES_H
| # include <sys/types.h>
| #endif
| #ifdef HAVE_SYS_STAT_H
| # include <sys/stat.h>
| #endif
| #ifdef STDC_HEADERS
| # include <stdlib.h>
| # include <stddef.h>
| #else
| # ifdef HAVE_STDLIB_H
| #  include <stdlib.h>
| # endif
| #endif
| #ifdef HAVE_STRING_H
| # if !defined STDC_HEADERS && defined HAVE_MEMORY_H
| #  include <memory.h>
| # endif
| # include <string.h>
| #endif
| #ifdef HAVE_STRINGS_H
| # include <strings.h>
| #endif
| #ifdef HAVE_INTTYPES_H
| # include <inttypes.h>
| #endif
| #ifdef HAVE_STDINT_H
| # include <stdint.h>
| #endif
| #ifdef HAVE_UNISTD_H
| # include <unistd.h>
| #endif
| #include <vfork.h>
configure:14723: result: no
configure:14723: checking vfork.h presence
configure:14723: gcc -E  conftest.c
conftest.c:35: fatal error: vfork.h: No such file or directory
compilation terminated.
configure:14723: $? = 1
configure: failed program was:
| /* confdefs.h */
| #define PACKAGE_NAME ""
| #define PACKAGE_TARNAME ""
| #define PACKAGE_VERSION ""
| #define PACKAGE_STRING ""
| #define PACKAGE_BUGREPORT ""
| #define PACKAGE_URL ""
| #define PACKAGE "backend"
| #define VERSION "3.30-1"
| #define PROG_PATH "/usr/local/bin"
| #define STDC_HEADERS 1
| #define HAVE_SYS_TYPES_H 1
| #define HAVE_SYS_STAT_H 1
| #define HAVE_STDLIB_H 1
| #define HAVE_STRING_H 1
| #define HAVE_MEMORY_H 1
| #define HAVE_STRINGS_H 1
| #define HAVE_INTTYPES_H 1
| #define HAVE_STDINT_H 1
| #define HAVE_UNISTD_H 1
| #define HAVE_DLFCN_H 1
| #define LT_OBJDIR ".libs/"
| #define HAVE_LIBCUPS 1
| #define STDC_HEADERS 1
| #define HAVE_SYS_WAIT_H 1
| #define HAVE_ARPA_INET_H 1
| #define HAVE_FCNTL_H 1
| #define HAVE_NETDB_H 1
| #define HAVE_NETINET_IN_H 1
| #define HAVE_STDLIB_H 1
| #define HAVE_STRING_H 1
| #define HAVE_SYS_SOCKET_H 1
| #define HAVE_UNISTD_H 1
| /* end confdefs.h.  */
| #include <vfork.h>
configure:14723: result: no
configure:14723: checking for vfork.h
configure:14723: result: no
configure:14736: checking for fork
configure:14736: gcc -o conftest -g -O2   conftest.c -lcups  >&5
conftest.c:58: warning: conflicting types for built-in function 'fork'
configure:14736: $? = 0
configure:14736: result: yes
configure:14736: checking for vfork
configure:14736: gcc -o conftest -g -O2   conftest.c -lcups  >&5
configure:14736: $? = 0
configure:14736: result: yes
configure:14746: checking for working fork
configure:14768: gcc -o conftest -g -O2   conftest.c -lcups  >&5
configure:14768: $? = 0
configure:14768: ./conftest
configure:14768: $? = 0
configure:14778: result: yes
configure:14799: checking for working vfork
configure:14909: result: yes
configure:14936: checking for stdlib.h
configure:14936: result: yes
configure:14946: checking for GNU libc compatible malloc
configure:14970: gcc -o conftest -g -O2   conftest.c -lcups  >&5
configure:14970: $? = 0
configure:14970: ./conftest
configure:14970: $? = 0
configure:14980: result: yes
configure:15004: checking for memset
configure:15004: gcc -o conftest -g -O2   conftest.c -lcups  >&5
conftest.c:64: warning: conflicting types for built-in function 'memset'
configure:15004: $? = 0
configure:15004: result: yes
configure:15004: checking for socket
configure:15004: gcc -o conftest -g -O2   conftest.c -lcups  >&5
configure:15004: $? = 0
configure:15004: result: yes
configure:15004: checking for strdup
configure:15004: gcc -o conftest -g -O2   conftest.c -lcups  >&5
conftest.c:66: warning: conflicting types for built-in function 'strdup'
configure:15004: $? = 0
configure:15004: result: yes
configure:15004: checking for strrchr
configure:15004: gcc -o conftest -g -O2   conftest.c -lcups  >&5
conftest.c:67: warning: conflicting types for built-in function 'strrchr'
configure:15004: $? = 0
configure:15004: result: yes
configure:15145: creating ./config.status

## ---------------------- ##
## Running config.status. ##
## ---------------------- ##

This file was extended by config.status, which was
generated by GNU Autoconf 2.67.  Invocation command line was

  CONFIG_FILES    = 
  CONFIG_HEADERS  = 
  CONFIG_LINKS    = 
  CONFIG_COMMANDS = 
  $ ./config.status 

on 32bserver

config.status:1154: creating Makefile
config.status:1154: creating src/Makefile
config.status:1154: creating config.h
config.status:1334: config.h is unchanged
config.status:1382: executing depfiles commands
config.status:1382: executing libtool commands

## ---------------- ##
## Cache variables. ##
## ---------------- ##

ac_cv_build=i686-pc-linux-gnu
ac_cv_c_compiler_gnu=yes
ac_cv_c_const=yes
ac_cv_cxx_compiler_gnu=yes
ac_cv_env_CCC_set=
ac_cv_env_CCC_value=
ac_cv_env_CC_set=
ac_cv_env_CC_value=
ac_cv_env_CFLAGS_set=
ac_cv_env_CFLAGS_value=
ac_cv_env_CPPFLAGS_set=
ac_cv_env_CPPFLAGS_value=
ac_cv_env_CPP_set=
ac_cv_env_CPP_value=
ac_cv_env_CXXCPP_set=
ac_cv_env_CXXCPP_value=
ac_cv_env_CXXFLAGS_set=
ac_cv_env_CXXFLAGS_value=
ac_cv_env_CXX_set=
ac_cv_env_CXX_value=
ac_cv_env_LDFLAGS_set=
ac_cv_env_LDFLAGS_value=
ac_cv_env_LIBS_set=
ac_cv_env_LIBS_value=
ac_cv_env_build_alias_set=
ac_cv_env_build_alias_value=
ac_cv_env_host_alias_set=
ac_cv_env_host_alias_value=
ac_cv_env_target_alias_set=
ac_cv_env_target_alias_value=
ac_cv_func_fork=yes
ac_cv_func_fork_works=yes
ac_cv_func_malloc_0_nonnull=yes
ac_cv_func_memset=yes
ac_cv_func_socket=yes
ac_cv_func_strdup=yes
ac_cv_func_strrchr=yes
ac_cv_func_vfork=yes
ac_cv_func_vfork_works=yes
ac_cv_header_arpa_inet_h=yes
ac_cv_header_dlfcn_h=yes
ac_cv_header_fcntl_h=yes
ac_cv_header_inttypes_h=yes
ac_cv_header_memory_h=yes
ac_cv_header_netdb_h=yes
ac_cv_header_netinet_in_h=yes
ac_cv_header_stdc=yes
ac_cv_header_stdint_h=yes
ac_cv_header_stdlib_h=yes
ac_cv_header_string_h=yes
ac_cv_header_strings_h=yes
ac_cv_header_sys_socket_h=yes
ac_cv_header_sys_stat_h=yes
ac_cv_header_sys_types_h=yes
ac_cv_header_sys_wait_h=yes
ac_cv_header_unistd_h=yes
ac_cv_header_vfork_h=no
ac_cv_host=i686-pc-linux-gnu
ac_cv_lib_cups_main=yes
ac_cv_objext=o
ac_cv_path_EGREP='/bin/grep -E'
ac_cv_path_FGREP='/bin/grep -F'
ac_cv_path_GREP=/bin/grep
ac_cv_path_SED=/bin/sed
ac_cv_path_install='/usr/bin/install -c'
ac_cv_path_mkdir=/bin/mkdir
ac_cv_prog_AWK=mawk
ac_cv_prog_CPP='gcc -E'
ac_cv_prog_CXXCPP='g++ -E'
ac_cv_prog_ac_ct_AR=ar
ac_cv_prog_ac_ct_CC=gcc
ac_cv_prog_ac_ct_CXX=g++
ac_cv_prog_ac_ct_OBJDUMP=objdump
ac_cv_prog_ac_ct_RANLIB=ranlib
ac_cv_prog_ac_ct_STRIP=strip
ac_cv_prog_cc_c89=
ac_cv_prog_cc_g=yes
ac_cv_prog_cxx_g=yes
ac_cv_prog_make_make_set=yes
ac_cv_type_pid_t=yes
ac_cv_type_size_t=yes
am_cv_CC_dependencies_compiler_type=gcc3
am_cv_CXX_dependencies_compiler_type=gcc3
lt_cv_deplibs_check_method=pass_all
lt_cv_file_magic_cmd='$MAGIC_CMD'
lt_cv_file_magic_test_file=
lt_cv_ld_reload_flag=-r
lt_cv_nm_interface='BSD nm'
lt_cv_objdir=.libs
lt_cv_path_LD=/usr/bin/ld
lt_cv_path_LDCXX=/usr/bin/ld
lt_cv_path_NM='/usr/bin/nm -B'
lt_cv_prog_compiler_c_o=yes
lt_cv_prog_compiler_c_o_CXX=yes
lt_cv_prog_compiler_pic_works=yes
lt_cv_prog_compiler_pic_works_CXX=yes
lt_cv_prog_compiler_rtti_exceptions=no
lt_cv_prog_compiler_static_works=yes
lt_cv_prog_compiler_static_works_CXX=yes
lt_cv_prog_gnu_ld=yes
lt_cv_prog_gnu_ldcxx=yes
lt_cv_sys_global_symbol_pipe='sed -n -e '\''s/^.*[	 ]\([ABCDGIRSTW][ABCDGIRSTW]*\)[	 ][	 ]*\([_A-Za-z][_A-Za-z0-9]*\)$/\1 \2 \2/p'\'''
lt_cv_sys_global_symbol_to_c_name_address='sed -n -e '\''s/^: \([^ ]*\) $/  {\"\1\", (void *) 0},/p'\'' -e '\''s/^[ABCDGIRSTW]* \([^ ]*\) \([^ ]*\)$/  {"\2", (void *) \&\2},/p'\'''
lt_cv_sys_global_symbol_to_c_name_address_lib_prefix='sed -n -e '\''s/^: \([^ ]*\) $/  {\"\1\", (void *) 0},/p'\'' -e '\''s/^[ABCDGIRSTW]* \([^ ]*\) \(lib[^ ]*\)$/  {"\2", (void *) \&\2},/p'\'' -e '\''s/^[ABCDGIRSTW]* \([^ ]*\) \([^ ]*\)$/  {"lib\2", (void *) \&\2},/p'\'''
lt_cv_sys_global_symbol_to_cdecl='sed -n -e '\''s/^T .* \(.*\)$/extern int \1();/p'\'' -e '\''s/^[ABCDGIRSTW]* .* \(.*\)$/extern char \1;/p'\'''
lt_cv_sys_max_cmd_len=1572864

## ----------------- ##
## Output variables. ##
## ----------------- ##

ACLOCAL='${SHELL} /home/andrew/continuous-canon/backend/missing --run aclocal-1.11'
AMDEPBACKSLASH='\'
AMDEP_FALSE='#'
AMDEP_TRUE=''
AMTAR='${SHELL} /home/andrew/continuous-canon/backend/missing --run tar'
AR='ar'
AUTOCONF='${SHELL} /home/andrew/continuous-canon/backend/missing --run autoconf'
AUTOHEADER='${SHELL} /home/andrew/continuous-canon/backend/missing --run autoheader'
AUTOMAKE='${SHELL} /home/andrew/continuous-canon/backend/missing --run automake-1.11'
AWK='mawk'
CC='gcc'
CCDEPMODE='depmode=gcc3'
CFLAGS='-O2'
CPP='gcc -E'
CPPFLAGS=''
CXX='g++'
CXXCPP='g++ -E'
CXXDEPMODE='depmode=gcc3'
CXXFLAGS='-g -O2'
CYGPATH_W='echo'
DEFS='-DHAVE_CONFIG_H'
DEPDIR='.deps'
DSYMUTIL=''
DUMPBIN=''
ECHO_C=''
ECHO_N='-n'
ECHO_T=''
EGREP='/bin/grep -E'
EXEEXT=''
FGREP='/bin/grep -F'
GREP='/bin/grep'
INSTALL_DATA='${INSTALL} -m 644'
INSTALL_PROGRAM='${INSTALL}'
INSTALL_SCRIPT='${INSTALL}'
INSTALL_STRIP_PROGRAM='$(install_sh) -c -s'
LD='/usr/bin/ld'
LDFLAGS=''
LIBOBJS=''
LIBS='-lcups '
LIBTOOL='$(SHELL) $(top_builddir)/libtool'
LIPO=''
LN_S='ln -s'
LTLIBOBJS=''
MAKEINFO='${SHELL} /home/andrew/continuous-canon/backend/missing --run makeinfo'
MKDIR_P='/bin/mkdir -p'
NM='/usr/bin/nm -B'
NMEDIT=''
OBJDUMP='objdump'
OBJEXT='o'
OTOOL64=''
OTOOL=''
PACKAGE='backend'
PACKAGE_BUGREPORT=''
PACKAGE_NAME=''
PACKAGE_STRING=''
PACKAGE_TARNAME=''
PACKAGE_URL=''
PACKAGE_VERSION=''
PATH_SEPARATOR=':'
PROG_PATH=''
RANLIB='ranlib'
SED='/bin/sed'
SET_MAKE=''
SHELL='/bin/bash'
STRIP='strip'
VERSION='3.30-1'
ac_ct_CC='gcc'
ac_ct_CXX='g++'
ac_ct_DUMPBIN=''
am__EXEEXT_FALSE=''
am__EXEEXT_TRUE='#'
am__fastdepCC_FALSE='#'
am__fastdepCC_TRUE=''
am__fastdepCXX_FALSE='#'
am__fastdepCXX_TRUE=''
am__include='include'
am__isrc=''
am__leading_dot='.'
am__quote=''
am__tar='${AMTAR} chof - "$$tardir"'
am__untar='${AMTAR} xf -'
bindir='${exec_prefix}/bin'
build='i686-pc-linux-gnu'
build_alias=''
build_cpu='i686'
build_os='linux-gnu'
build_vendor='pc'
datadir='${datarootdir}'
datarootdir='${prefix}/share'
docdir='${datarootdir}/doc/${PACKAGE}'
dvidir='${docdir}'
exec_prefix='${prefix}'
host='i686-pc-linux-gnu'
host_alias=''
host_cpu='i686'
host_os='linux-gnu'
host_vendor='pc'
htmldir='${docdir}'
includedir='${prefix}/include'
infodir='${datarootdir}/info'
install_sh='${SHELL} /home/andrew/continuous-canon/backend/install-sh'
libdir='${exec_prefix}/lib'
libexecdir='${exec_prefix}/libexec'
localedir='${datarootdir}/locale'
localstatedir='${prefix}/var'
lt_ECHO='echo'
mandir='${datarootdir}/man'
mkdir_p='/bin/mkdir -p'
oldincludedir='/usr/include'
pdfdir='${docdir}'
prefix='/usr/local'
program_transform_name='s,x,x,'
psdir='${docdir}'
sbindir='${exec_prefix}/sbin'
sharedstatedir='${prefix}/com'
sysconfdir='${prefix}/etc'
target_alias=''

## ----------- ##
## confdefs.h. ##
## ----------- ##

/* confdefs.h */
#define PACKAGE_NAME ""
#define PACKAGE_TARNAME ""
#define PACKAGE_VERSION ""
#define PACKAGE_STRING ""
#define PACKAGE_BUGREPORT ""
#define PACKAGE_URL ""
#define PACKAGE "backend"
#define VERSION "3.30-1"
#define PROG_PATH "/usr/local/bin"
#define STDC_HEADERS 1
#define HAVE_SYS_TYPES_H 1
#define HAVE_SYS_STAT_H 1
#define HAVE_STDLIB_H 1
#define HAVE_STRING_H 1
#define HAVE_MEMORY_H 1
#define HAVE_STRINGS_H 1
#define HAVE_INTTYPES_H 1
#define HAVE_STDINT_H 1
#define HAVE_UNISTD_H 1
#define HAVE_DLFCN_H 1
#define LT_OBJDIR ".libs/"
#define HAVE_LIBCUPS 1
#define STDC_HEADERS 1
#define HAVE_SYS_WAIT_H 1
#define HAVE_ARPA_INET_H 1
#define HAVE_FCNTL_H 1
#define HAVE_NETDB_H 1
#define HAVE_NETINET_IN_H 1
#define HAVE_STDLIB_H 1
#define HAVE_STRING_H 1
#define HAVE_SYS_SOCKET_H 1
#define HAVE_UNISTD_H 1
#define HAVE_FORK 1
#define HAVE_VFORK 1
#define HAVE_WORKING_VFORK 1
#define HAVE_WORKING_FORK 1
#define HAVE_STDLIB_H 1
#define HAVE_MALLOC 1
#define HAVE_MEMSET 1
#define HAVE_SOCKET 1
#define HAVE_STRDUP 1
#define HAVE_STRRCHR 1

configure: exit 0
